<?xml version="1.0" encoding="UTF-8"?>
<!-- Generated by org.testng.reporters.JUnitReportReporter -->
<testsuite hostname="MANJUNATHA" failures="0" tests="1" name="TestCases.AddToCartTest" time="0.009" errors="0" timestamp="2023-12-20T11:38:50 IST" skipped="0">
  <testcase classname="TestCases.AddToCartTest" name="TC_AddToCart_001" time="0.009"/>
  <system-out/>
</testsuite> <!-- TestCases.AddToCartTest -->
